<?xml version='1.0' encoding='UTF-8'?>
<testsuite hostname="192.168.1.145" name="SpaceAgeTest" tests="8" errors="0" failures="0" skipped="7" time="0.012" timestamp="2022-04-13T13:38:34">
          <properties>
[...]
</properties>
          <testcase classname="SpaceAgeTest" name="age on Earth" time="0.01">
                      
                    </testcase><testcase classname="SpaceAgeTest" name="age on Mercury" time="0.001">
                      <skipped/>
                    </testcase><testcase classname="SpaceAgeTest" name="age on Venus" time="0.0">
                      <skipped/>
                    </testcase><testcase classname="SpaceAgeTest" name="age on Mars" time="0.0">
                      <skipped/>
                    </testcase><testcase classname="SpaceAgeTest" name="age on Jupiter" time="0.0">
                      <skipped/>
                    </testcase><testcase classname="SpaceAgeTest" name="age on Saturn" time="0.001">
                      <skipped/>
                    </testcase><testcase classname="SpaceAgeTest" name="age on Uranus" time="0.0">
                      <skipped/>
                    </testcase><testcase classname="SpaceAgeTest" name="age on Neptune" time="0.0">
                      <skipped/>
                    </testcase>
          <system-out><![CDATA[]]></system-out>
          <system-err><![CDATA[]]></system-err>
        </testsuite>